[0913/205553.907:ERROR:web_contents_delegate.cc(245)] WebContentsDelegate::CheckMediaAccessPermission: Not supported.
[0913/205553.907:ERROR:web_contents_delegate.cc(245)] WebContentsDelegate::CheckMediaAccessPermission: Not supported.
[0913/205553.958:INFO:CONSOLE(337)] "[object Object]", source: https://sleepercdn.com/js/bundle-ea19ce79ea817e51ec7ff85e19dfe33b.js?vsn=d (337)
[0913/205553.962:INFO:CONSOLE(118)] "[n] componentDidMount", source: https://sleepercdn.com/js/bundle-ea19ce79ea817e51ec7ff85e19dfe33b.js?vsn=d (118)
[0913/205553.964:INFO:CONSOLE(36)] "passing params to connect is deprecated. Instead pass :params to the Socket constructor", source: https://sleepercdn.com/js/bundle-ea19ce79ea817e51ec7ff85e19dfe33b.js?vsn=d (36)
[0913/205553.966:INFO:CONSOLE(36)] "passing params to connect is deprecated. Instead pass :params to the Socket constructor", source: https://sleepercdn.com/js/bundle-ea19ce79ea817e51ec7ff85e19dfe33b.js?vsn=d (36)
[0913/205554.010:INFO:CONSOLE(337)] "20:55:54:10 %cAgora-SDK [DEBUG]: color: #64B5F6; [lock-safari-1] is created.", source: https://sleepercdn.com/js/bundle-ea19ce79ea817e51ec7ff85e19dfe33b.js?vsn=d (337)
[0913/205554.014:INFO:CONSOLE(337)] "20:55:54:14 %cAgora-SDK [INFO]: color: #1E88E5; font-weight: bold; browser compatibility {"getDisplayMedia":true,"getStreamFromExtension":true,"supportUnifiedPlan":true,"supportMinBitrate":true,"supportSetRtpSenderParameters":true,"supportDualStream":true,"webAudioMediaStreamDest":true,"supportReplaceTrack":true,"supportWebGL":true,"webAudioWithAEC":false,"supportRequestFrame":true,"supportShareAudio":true,"supportDualStreamEncoding":false} {"name":"Chrome","version":"116","os":"Windows 10","osVersion":"10"}", source: https://sleepercdn.com/js/bundle-ea19ce79ea817e51ec7ff85e19dfe33b.js?vsn=d (337)
[0913/205554.062:INFO:CONSOLE(337)] "20:55:54:62 %cAgora-SDK [DEBUG]: color: #64B5F6; [lock-client-leave-2] is created.", source: https://sleepercdn.com/js/bundle-ea19ce79ea817e51ec7ff85e19dfe33b.js?vsn=d (337)
[0913/205554.106:INFO:CONSOLE(337)] "20:55:54:106 %cAgora-SDK [DEBUG]: color: #64B5F6; [lock-client-publish-3] is created.", source: https://sleepercdn.com/js/bundle-ea19ce79ea817e51ec7ff85e19dfe33b.js?vsn=d (337)
[0913/205554.106:INFO:CONSOLE(337)] "20:55:54:106 %cAgora-SDK [INFO]: color: #1E88E5; font-weight: bold; [client-58e6b] Initializing AgoraRTC client v4.7.2 build: v4.7.2-0-gf83f608b(10/13/2021, 5:32:13 PM), mode: rtc, codec: h264", source: https://sleepercdn.com/js/bundle-ea19ce79ea817e51ec7ff85e19dfe33b.js?vsn=d (337)
[0913/205554.106:INFO:CONSOLE(337)] "20:55:54:106 %cAgora-SDK [DEBUG]: color: #64B5F6; [lock-config-distribute-4] is created.", source: https://sleepercdn.com/js/bundle-ea19ce79ea817e51ec7ff85e19dfe33b.js?vsn=d (337)
[0913/205554.345:ERROR:web_contents_delegate.cc(245)] WebContentsDelegate::CheckMediaAccessPermission: Not supported.
[0913/205554.345:ERROR:web_contents_delegate.cc(245)] WebContentsDelegate::CheckMediaAccessPermission: Not supported.
[0913/205554.849:INFO:CONSOLE(73)] "[Web Analytics] LEAGUE view_league post null", source: https://sleepercdn.com/js/bundle-ea19ce79ea817e51ec7ff85e19dfe33b.js?vsn=d (73)
[0913/205554.850:INFO:CONSOLE(118)] "react-perfect-scrollbar: the "option" prop has been deprecated in favor of "options"", source: https://sleepercdn.com/js/bundle-ea19ce79ea817e51ec7ff85e19dfe33b.js?vsn=d (118)
[0913/205554.883:INFO:CONSOLE(118)] "[SOCKET Typing Indicator league 995509843702206464]: Joining channel", source: https://sleepercdn.com/js/bundle-ea19ce79ea817e51ec7ff85e19dfe33b.js?vsn=d (118)
[0913/205555.182:INFO:CONSOLE(13)] "[Graphql] error! [{"message":"Argument \"type_id\" has invalid value \"undefined\".","locations":[{"line":2,"column":0}]}] {"operationName":"create_invite_link","variables":{},"query":"mutation create_invite_link {\n      create_invite_link (type: \"league_invite\",type_id: \"undefined\"){\n        code\n        expires_at\n        metadata\n        type\n        type_id\n        uses_remaining\n      }\n    }"}", source: https://sleepercdn.com/js/bundle-ea19ce79ea817e51ec7ff85e19dfe33b.js?vsn=d (13)
[0913/205555.657:INFO:CONSOLE(13)] "[Graphql] error! [{"path":["metadata"],"message":"We could not find the metadata based on the key you provided.","locations":[{"line":2,"column":0}],"data":{},"code":"key_not_found"}] {"operationName":"metadata","variables":{},"query":"query metadata {\n        metadata(type: \"league_history\", key: \"undefined\"){\n          key\n          type\n          data\n          last_updated\n          created\n        }\n      }"}", source: https://sleepercdn.com/js/bundle-ea19ce79ea817e51ec7ff85e19dfe33b.js?vsn=d (13)
[0913/205555.857:INFO:CONSOLE(36)] "[VV Chat] User killed app 738561533935788032", source: https://sleepercdn.com/js/bundle-ea19ce79ea817e51ec7ff85e19dfe33b.js?vsn=d (36)
[0913/205556.356:INFO:CONSOLE(118)] "[SOCKET league 995509843702206464]: Joining channel", source: https://sleepercdn.com/js/bundle-ea19ce79ea817e51ec7ff85e19dfe33b.js?vsn=d (118)
[0913/205557.877:INFO:CONSOLE(13)] "[Axios] failed to 304: [object Object] W/"d94e87bcb2a6a1243f5d4f01ed77bcdf" https://api.sleeper.com/players/nfl", source: https://sleepercdn.com/js/bundle-ea19ce79ea817e51ec7ff85e19dfe33b.js?vsn=d (13)
[0913/205600.430:INFO:CONSOLE(118)] "[SOCKET Message]: Leaving channel", source: https://sleepercdn.com/js/bundle-ea19ce79ea817e51ec7ff85e19dfe33b.js?vsn=d (118)
[0913/205600.432:INFO:CONSOLE(118)] "[SOCKET Typing Indicator Message]: Leaving channel", source: https://sleepercdn.com/js/bundle-ea19ce79ea817e51ec7ff85e19dfe33b.js?vsn=d (118)
[0913/205600.454:INFO:CONSOLE(73)] "[Web Analytics] LEAGUE view_league post null", source: https://sleepercdn.com/js/bundle-ea19ce79ea817e51ec7ff85e19dfe33b.js?vsn=d (73)
[0913/205600.455:INFO:CONSOLE(118)] "[SOCKET Typing Indicator league 989917877987807232]: Joining channel", source: https://sleepercdn.com/js/bundle-ea19ce79ea817e51ec7ff85e19dfe33b.js?vsn=d (118)
[0913/205600.458:INFO:CONSOLE(118)] "[SOCKET league 989917877987807232]: Joining channel", source: https://sleepercdn.com/js/bundle-ea19ce79ea817e51ec7ff85e19dfe33b.js?vsn=d (118)
